<?xml version="1.0" encoding="UTF-8"?>
<!-- Generated by org.testng.reporters.JUnitReportReporter -->
<testsuite hostname="DESKTOP-S76LHQB" failures="0" tests="2" name="crossbrowserdemo.crbrowserdem" time="43.745" errors="0" timestamp="2023-08-15T21:16:07 IST" skipped="0">
  <testcase classname="crossbrowserdemo.crbrowserdem" name="login" time="24.700"/>
  <testcase classname="crossbrowserdemo.crbrowserdem" name="login" time="19.045"/>
</testsuite> <!-- crossbrowserdemo.crbrowserdem -->
